{"C:\\Users\\edeschh\\users-assessment\\src\\app.controller.ts": {"path":"C:\\Users\\edeschh\\users-assessment\\src\\app.controller.ts","statementMap":{"0":{"start":{"line":1,"column":0},"end":{"line":1,"column":49}},"1":{"start":{"line":2,"column":0},"end":{"line":2,"column":43}},"2":{"start":{"line":5,"column":7},"end":{"line":12,"column":null}},"3":{"start":{"line":6,"column":31},"end":{"line":6,"column":43}},"4":{"start":{"line":10,"column":4},"end":{"line":10,"column":38}},"5":{"start":{"line":5,"column":13},"end":{"line":5,"column":26}},"6":{"start":{"line":9,"column":2},"end":{"line":11,"column":null}},"7":{"start":{"line":5,"column":13},"end":{"line":12,"column":null}}},"fnMap":{"0":{"name":"(anonymous_2)","decl":{"start":{"line":6,"column":2},"end":{"line":6,"column":31}},"loc":{"start":{"line":6,"column":53},"end":{"line":6,"column":57}}},"1":{"name":"(anonymous_3)","decl":{"start":{"line":9,"column":2},"end":{"line":9,"column":10}},"loc":{"start":{"line":9,"column":10},"end":{"line":11,"column":3}}}},"branchMap":{},"s":{"0":1,"1":1,"2":1,"3":1,"4":1,"5":1,"6":1,"7":1},"f":{"0":1,"1":1},"b":{}}
,"C:\\Users\\edeschh\\users-assessment\\src\\app.service.ts": {"path":"C:\\Users\\edeschh\\users-assessment\\src\\app.service.ts","statementMap":{"0":{"start":{"line":1,"column":0},"end":{"line":1,"column":44}},"1":{"start":{"line":4,"column":7},"end":{"line":8,"column":null}},"2":{"start":{"line":6,"column":4},"end":{"line":6,"column":26}},"3":{"start":{"line":4,"column":13},"end":{"line":4,"column":23}},"4":{"start":{"line":4,"column":13},"end":{"line":8,"column":null}}},"fnMap":{"0":{"name":"(anonymous_1)","decl":{"start":{"line":5,"column":2},"end":{"line":5,"column":10}},"loc":{"start":{"line":5,"column":10},"end":{"line":7,"column":3}}}},"branchMap":{},"s":{"0":1,"1":1,"2":1,"3":1,"4":1},"f":{"0":1},"b":{}}
,"C:\\Users\\edeschh\\users-assessment\\src\\common\\constants\\groups.constant.ts": {"path":"C:\\Users\\edeschh\\users-assessment\\src\\common\\constants\\groups.constant.ts","statementMap":{"0":{"start":{"line":1,"column":13},"end":{"line":1,"column":56}}},"fnMap":{},"branchMap":{},"s":{"0":1},"f":{},"b":{}}
,"C:\\Users\\edeschh\\users-assessment\\src\\common\\constants\\permissions.constant.ts": {"path":"C:\\Users\\edeschh\\users-assessment\\src\\common\\constants\\permissions.constant.ts","statementMap":{"0":{"start":{"line":2,"column":13},"end":{"line":2,"column":75}},"1":{"start":{"line":5,"column":13},"end":{"line":13,"column":2}}},"fnMap":{},"branchMap":{},"s":{"0":2,"1":2},"f":{},"b":{}}
,"C:\\Users\\edeschh\\users-assessment\\src\\common\\constants\\roles.constant.ts": {"path":"C:\\Users\\edeschh\\users-assessment\\src\\common\\constants\\roles.constant.ts","statementMap":{"0":{"start":{"line":2,"column":13},"end":{"line":2,"column":59}},"1":{"start":{"line":5,"column":13},"end":{"line":5,"column":76}}},"fnMap":{},"branchMap":{},"s":{"0":1,"1":1},"f":{},"b":{}}
,"C:\\Users\\edeschh\\users-assessment\\src\\common\\decorators\\permissions.decorator.ts": {"path":"C:\\Users\\edeschh\\users-assessment\\src\\common\\decorators\\permissions.decorator.ts","statementMap":{"0":{"start":{"line":2,"column":0},"end":{"line":2,"column":45}},"1":{"start":{"line":8,"column":13},"end":{"line":8,"column":54}},"2":{"start":{"line":9,"column":27},"end":{"line":10,"column":37}},"3":{"start":{"line":10,"column":2},"end":{"line":10,"column":37}},"4":{"start":{"line":9,"column":13},"end":{"line":9,"column":27}}},"fnMap":{"0":{"name":"(anonymous_0)","decl":{"start":{"line":9,"column":27},"end":{"line":9,"column":28}},"loc":{"start":{"line":10,"column":2},"end":{"line":10,"column":37}}}},"branchMap":{},"s":{"0":2,"1":2,"2":2,"3":5,"4":2},"f":{"0":5},"b":{}}
,"C:\\Users\\edeschh\\users-assessment\\src\\common\\guards\\permissions.guard.ts": {"path":"C:\\Users\\edeschh\\users-assessment\\src\\common\\guards\\permissions.guard.ts","statementMap":{"0":{"start":{"line":1,"column":0},"end":{"line":1,"column":null}},"1":{"start":{"line":8,"column":0},"end":{"line":8,"column":70}},"2":{"start":{"line":9,"column":0},"end":{"line":9,"column":69}},"3":{"start":{"line":10,"column":0},"end":{"line":10,"column":57}},"4":{"start":{"line":11,"column":0},"end":{"line":11,"column":41}},"5":{"start":{"line":46,"column":7},"end":{"line":85,"column":null}},"6":{"start":{"line":47,"column":22},"end":{"line":47,"column":33}},"7":{"start":{"line":47,"column":52},"end":{"line":47,"column":59}},"8":{"start":{"line":51,"column":21},"end":{"line":54,"column":6}},"9":{"start":{"line":56,"column":4},"end":{"line":56,"column":39}},"10":{"start":{"line":56,"column":27},"end":{"line":56,"column":39}},"11":{"start":{"line":59,"column":16},"end":{"line":59,"column":47}},"12":{"start":{"line":60,"column":16},"end":{"line":60,"column":44}},"13":{"start":{"line":61,"column":15},"end":{"line":61,"column":26}},"14":{"start":{"line":63,"column":4},"end":{"line":65,"column":5}},"15":{"start":{"line":64,"column":6},"end":{"line":64,"column":86}},"16":{"start":{"line":68,"column":22},"end":{"line":68,"column":57}},"17":{"start":{"line":71,"column":20},"end":{"line":71,"column":37}},"18":{"start":{"line":72,"column":4},"end":{"line":75,"column":7}},"19":{"start":{"line":73,"column":18},"end":{"line":73,"column":58}},"20":{"start":{"line":73,"column":45},"end":{"line":73,"column":57}},"21":{"start":{"line":74,"column":6},"end":{"line":74,"column":62}},"22":{"start":{"line":74,"column":46},"end":{"line":74,"column":60}},"23":{"start":{"line":78,"column":15},"end":{"line":78,"column":60}},"24":{"start":{"line":78,"column":45},"end":{"line":78,"column":59}},"25":{"start":{"line":79,"column":4},"end":{"line":81,"column":5}},"26":{"start":{"line":80,"column":6},"end":{"line":80,"column":101}},"27":{"start":{"line":83,"column":4},"end":{"line":83,"column":16}},"28":{"start":{"line":46,"column":13},"end":{"line":46,"column":28}},"29":{"start":{"line":46,"column":13},"end":{"line":85,"column":null}}},"fnMap":{"0":{"name":"(anonymous_2)","decl":{"start":{"line":47,"column":2},"end":{"line":47,"column":22}},"loc":{"start":{"line":47,"column":71},"end":{"line":47,"column":75}}},"1":{"name":"(anonymous_3)","decl":{"start":{"line":49,"column":2},"end":{"line":49,"column":7}},"loc":{"start":{"line":49,"column":41},"end":{"line":84,"column":3}}},"2":{"name":"(anonymous_4)","decl":{"start":{"line":72,"column":28},"end":{"line":72,"column":29}},"loc":{"start":{"line":72,"column":42},"end":{"line":75,"column":5}}},"3":{"name":"(anonymous_5)","decl":{"start":{"line":73,"column":40},"end":{"line":73,"column":41}},"loc":{"start":{"line":73,"column":45},"end":{"line":73,"column":57}}},"4":{"name":"(anonymous_6)","decl":{"start":{"line":74,"column":31},"end":{"line":74,"column":32}},"loc":{"start":{"line":74,"column":46},"end":{"line":74,"column":60}}},"5":{"name":"(anonymous_7)","decl":{"start":{"line":78,"column":30},"end":{"line":78,"column":31}},"loc":{"start":{"line":78,"column":45},"end":{"line":78,"column":59}}}},"branchMap":{"0":{"loc":{"start":{"line":56,"column":4},"end":{"line":56,"column":39}},"type":"if","locations":[{"start":{"line":56,"column":4},"end":{"line":56,"column":39}},{"start":{},"end":{}}]},"1":{"loc":{"start":{"line":56,"column":9},"end":{"line":56,"column":25}},"type":"cond-expr","locations":[{"start":{"line":56,"column":17},"end":{"line":56,"column":19}},{"start":{"line":56,"column":9},"end":{"line":56,"column":25}}]},"2":{"loc":{"start":{"line":56,"column":9},"end":{"line":56,"column":19}},"type":"binary-expr","locations":[{"start":{"line":56,"column":9},"end":{"line":56,"column":19}},{"start":{"line":56,"column":9},"end":{"line":56,"column":19}}]},"3":{"loc":{"start":{"line":63,"column":4},"end":{"line":65,"column":5}},"type":"if","locations":[{"start":{"line":63,"column":4},"end":{"line":65,"column":5}},{"start":{},"end":{}}]},"4":{"loc":{"start":{"line":63,"column":8},"end":{"line":63,"column":32}},"type":"binary-expr","locations":[{"start":{"line":63,"column":8},"end":{"line":63,"column":12}},{"start":{"line":63,"column":16},"end":{"line":63,"column":32}}]},"5":{"loc":{"start":{"line":74,"column":6},"end":{"line":74,"column":61}},"type":"cond-expr","locations":[{"start":{"line":74,"column":9},"end":{"line":74,"column":11}},{"start":{"line":74,"column":6},"end":{"line":74,"column":61}}]},"6":{"loc":{"start":{"line":74,"column":6},"end":{"line":74,"column":11}},"type":"binary-expr","locations":[{"start":{"line":74,"column":6},"end":{"line":74,"column":11}},{"start":{"line":74,"column":6},"end":{"line":74,"column":11}}]},"7":{"loc":{"start":{"line":79,"column":4},"end":{"line":81,"column":5}},"type":"if","locations":[{"start":{"line":79,"column":4},"end":{"line":81,"column":5}},{"start":{},"end":{}}]}},"s":{"0":2,"1":2,"2":2,"3":2,"4":2,"5":2,"6":4,"7":4,"8":4,"9":4,"10":0,"11":4,"12":4,"13":4,"14":4,"15":1,"16":3,"17":3,"18":3,"19":6,"20":13,"21":6,"22":6,"23":3,"24":3,"25":3,"26":1,"27":2,"28":2,"29":2},"f":{"0":4,"1":4,"2":6,"3":13,"4":6,"5":3},"b":{"0":[0,4],"1":[0,4],"2":[4,4],"3":[1,3],"4":[4,3],"5":[0,6],"6":[6,6],"7":[1,2]}}
,"C:\\Users\\edeschh\\users-assessment\\src\\users\\users.controller.ts": {"path":"C:\\Users\\edeschh\\users-assessment\\src\\users\\users.controller.ts","statementMap":{"0":{"start":{"line":1,"column":0},"end":{"line":1,"column":null}},"1":{"start":{"line":12,"column":0},"end":{"line":12,"column":47}},"2":{"start":{"line":14,"column":0},"end":{"line":14,"column":73}},"3":{"start":{"line":15,"column":0},"end":{"line":15,"column":76}},"4":{"start":{"line":16,"column":0},"end":{"line":16,"column":55}},"5":{"start":{"line":17,"column":0},"end":{"line":17,"column":55}},"6":{"start":{"line":59,"column":7},"end":{"line":101,"column":null}},"7":{"start":{"line":60,"column":31},"end":{"line":60,"column":38}},"8":{"start":{"line":67,"column":4},"end":{"line":67,"column":34}},"9":{"start":{"line":75,"column":4},"end":{"line":75,"column":38}},"10":{"start":{"line":83,"column":4},"end":{"line":83,"column":32}},"11":{"start":{"line":91,"column":4},"end":{"line":91,"column":69}},"12":{"start":{"line":91,"column":45},"end":{"line":91,"column":66}},"13":{"start":{"line":99,"column":4},"end":{"line":99,"column":36}},"14":{"start":{"line":59,"column":13},"end":{"line":59,"column":28}},"15":{"start":{"line":66,"column":2},"end":{"line":68,"column":null}},"16":{"start":{"line":74,"column":2},"end":{"line":76,"column":null}},"17":{"start":{"line":82,"column":2},"end":{"line":84,"column":null}},"18":{"start":{"line":90,"column":2},"end":{"line":92,"column":null}},"19":{"start":{"line":98,"column":2},"end":{"line":100,"column":null}},"20":{"start":{"line":59,"column":13},"end":{"line":101,"column":null}}},"fnMap":{"0":{"name":"(anonymous_4)","decl":{"start":{"line":60,"column":2},"end":{"line":60,"column":31}},"loc":{"start":{"line":60,"column":50},"end":{"line":60,"column":54}}},"1":{"name":"(anonymous_5)","decl":{"start":{"line":66,"column":2},"end":{"line":66,"column":8}},"loc":{"start":{"line":66,"column":35},"end":{"line":68,"column":3}}},"2":{"name":"(anonymous_6)","decl":{"start":{"line":74,"column":2},"end":{"line":74,"column":8}},"loc":{"start":{"line":74,"column":74},"end":{"line":76,"column":3}}},"3":{"name":"(anonymous_7)","decl":{"start":{"line":82,"column":2},"end":{"line":82,"column":9}},"loc":{"start":{"line":82,"column":9},"end":{"line":84,"column":3}}},"4":{"name":"(anonymous_8)","decl":{"start":{"line":90,"column":2},"end":{"line":90,"column":8}},"loc":{"start":{"line":90,"column":46},"end":{"line":92,"column":3}}},"5":{"name":"(anonymous_9)","decl":{"start":{"line":91,"column":38},"end":{"line":91,"column":41}},"loc":{"start":{"line":91,"column":45},"end":{"line":91,"column":66}}},"6":{"name":"(anonymous_10)","decl":{"start":{"line":98,"column":2},"end":{"line":98,"column":13}},"loc":{"start":{"line":98,"column":51},"end":{"line":100,"column":3}}}},"branchMap":{},"s":{"0":1,"1":1,"2":1,"3":1,"4":1,"5":1,"6":1,"7":5,"8":1,"9":1,"10":1,"11":1,"12":1,"13":1,"14":1,"15":1,"16":1,"17":1,"18":1,"19":1,"20":1},"f":{"0":5,"1":1,"2":1,"3":1,"4":1,"5":1,"6":1},"b":{}}
,"C:\\Users\\edeschh\\users-assessment\\src\\users\\users.service.ts": {"path":"C:\\Users\\edeschh\\users-assessment\\src\\users\\users.service.ts","statementMap":{"0":{"start":{"line":1,"column":0},"end":{"line":1,"column":90}},"1":{"start":{"line":3,"column":0},"end":{"line":3,"column":70}},"2":{"start":{"line":8,"column":7},"end":{"line":52,"column":null}},"3":{"start":{"line":9,"column":51},"end":{"line":9,"column":72}},"4":{"start":{"line":12,"column":4},"end":{"line":12,"column":31}},"5":{"start":{"line":16,"column":16},"end":{"line":16,"column":41}},"6":{"start":{"line":17,"column":19},"end":{"line":19,"column":null}},"7":{"start":{"line":18,"column":6},"end":{"line":19,"column":48}},"8":{"start":{"line":19,"column":25},"end":{"line":19,"column":47}},"9":{"start":{"line":21,"column":4},"end":{"line":21,"column":104}},"10":{"start":{"line":21,"column":16},"end":{"line":21,"column":104}},"11":{"start":{"line":22,"column":4},"end":{"line":22,"column":33}},"12":{"start":{"line":26,"column":20},"end":{"line":26,"column":51}},"13":{"start":{"line":27,"column":4},"end":{"line":27,"column":64}},"14":{"start":{"line":27,"column":18},"end":{"line":27,"column":64}},"15":{"start":{"line":28,"column":4},"end":{"line":28,"column":19}},"16":{"start":{"line":32,"column":15},"end":{"line":32,"column":41}},"17":{"start":{"line":33,"column":4},"end":{"line":33,"column":59}},"18":{"start":{"line":33,"column":13},"end":{"line":33,"column":59}},"19":{"start":{"line":37,"column":14},"end":{"line":37,"column":42}},"20":{"start":{"line":38,"column":4},"end":{"line":38,"column":58}},"21":{"start":{"line":38,"column":12},"end":{"line":38,"column":58}},"22":{"start":{"line":39,"column":4},"end":{"line":39,"column":13}},"23":{"start":{"line":43,"column":20},"end":{"line":43,"column":48}},"24":{"start":{"line":44,"column":4},"end":{"line":44,"column":64}},"25":{"start":{"line":44,"column":18},"end":{"line":44,"column":64}},"26":{"start":{"line":46,"column":4},"end":{"line":46,"column":52}},"27":{"start":{"line":46,"column":42},"end":{"line":46,"column":52}},"28":{"start":{"line":48,"column":21},"end":{"line":48,"column":44}},"29":{"start":{"line":49,"column":16},"end":{"line":49,"column":41}},"30":{"start":{"line":50,"column":4},"end":{"line":50,"column":87}},"31":{"start":{"line":50,"column":27},"end":{"line":50,"column":85}},"32":{"start":{"line":50,"column":69},"end":{"line":50,"column":84}},"33":{"start":{"line":8,"column":13},"end":{"line":8,"column":25}},"34":{"start":{"line":8,"column":13},"end":{"line":52,"column":null}}},"fnMap":{"0":{"name":"(anonymous_4)","decl":{"start":{"line":9,"column":2},"end":{"line":9,"column":15}},"loc":{"start":{"line":9,"column":72},"end":{"line":9,"column":76}}},"1":{"name":"(anonymous_5)","decl":{"start":{"line":11,"column":2},"end":{"line":11,"column":7}},"loc":{"start":{"line":11,"column":15},"end":{"line":13,"column":3}}},"2":{"name":"(anonymous_6)","decl":{"start":{"line":15,"column":2},"end":{"line":15,"column":7}},"loc":{"start":{"line":15,"column":33},"end":{"line":23,"column":3}}},"3":{"name":"(anonymous_7)","decl":{"start":{"line":17,"column":28},"end":{"line":17,"column":29}},"loc":{"start":{"line":18,"column":6},"end":{"line":19,"column":48}}},"4":{"name":"(anonymous_8)","decl":{"start":{"line":19,"column":20},"end":{"line":19,"column":21}},"loc":{"start":{"line":19,"column":25},"end":{"line":19,"column":47}}},"5":{"name":"(anonymous_9)","decl":{"start":{"line":25,"column":2},"end":{"line":25,"column":7}},"loc":{"start":{"line":25,"column":45},"end":{"line":29,"column":3}}},"6":{"name":"(anonymous_10)","decl":{"start":{"line":31,"column":2},"end":{"line":31,"column":7}},"loc":{"start":{"line":31,"column":25},"end":{"line":34,"column":3}}},"7":{"name":"(anonymous_11)","decl":{"start":{"line":36,"column":2},"end":{"line":36,"column":7}},"loc":{"start":{"line":36,"column":33},"end":{"line":40,"column":3}}},"8":{"name":"(anonymous_12)","decl":{"start":{"line":42,"column":2},"end":{"line":42,"column":7}},"loc":{"start":{"line":42,"column":28},"end":{"line":51,"column":3}}},"9":{"name":"(anonymous_13)","decl":{"start":{"line":50,"column":22},"end":{"line":50,"column":23}},"loc":{"start":{"line":50,"column":27},"end":{"line":50,"column":85}}},"10":{"name":"(anonymous_14)","decl":{"start":{"line":50,"column":64},"end":{"line":50,"column":65}},"loc":{"start":{"line":50,"column":69},"end":{"line":50,"column":84}}}},"branchMap":{"0":{"loc":{"start":{"line":18,"column":6},"end":{"line":19,"column":48}},"type":"binary-expr","locations":[{"start":{"line":18,"column":6},"end":{"line":18,"column":67}},{"start":{"line":19,"column":6},"end":{"line":19,"column":48}}]},"1":{"loc":{"start":{"line":21,"column":4},"end":{"line":21,"column":104}},"type":"if","locations":[{"start":{"line":21,"column":4},"end":{"line":21,"column":104}},{"start":{},"end":{}}]},"2":{"loc":{"start":{"line":27,"column":4},"end":{"line":27,"column":64}},"type":"if","locations":[{"start":{"line":27,"column":4},"end":{"line":27,"column":64}},{"start":{},"end":{}}]},"3":{"loc":{"start":{"line":33,"column":4},"end":{"line":33,"column":59}},"type":"if","locations":[{"start":{"line":33,"column":4},"end":{"line":33,"column":59}},{"start":{},"end":{}}]},"4":{"loc":{"start":{"line":38,"column":4},"end":{"line":38,"column":58}},"type":"if","locations":[{"start":{"line":38,"column":4},"end":{"line":38,"column":58}},{"start":{},"end":{}}]},"5":{"loc":{"start":{"line":44,"column":4},"end":{"line":44,"column":64}},"type":"if","locations":[{"start":{"line":44,"column":4},"end":{"line":44,"column":64}},{"start":{},"end":{}}]},"6":{"loc":{"start":{"line":46,"column":4},"end":{"line":46,"column":52}},"type":"if","locations":[{"start":{"line":46,"column":4},"end":{"line":46,"column":52}},{"start":{},"end":{}}]},"7":{"loc":{"start":{"line":50,"column":27},"end":{"line":50,"column":85}},"type":"binary-expr","locations":[{"start":{"line":50,"column":27},"end":{"line":50,"column":46}},{"start":{"line":50,"column":50},"end":{"line":50,"column":85}}]}},"s":{"0":3,"1":3,"2":3,"3":10,"4":2,"5":1,"6":1,"7":6,"8":0,"9":1,"10":0,"11":1,"12":1,"13":1,"14":0,"15":1,"16":1,"17":1,"18":0,"19":3,"20":3,"21":0,"22":3,"23":2,"24":2,"25":0,"26":2,"27":1,"28":1,"29":1,"30":1,"31":6,"32":5,"33":3,"34":3},"f":{"0":10,"1":2,"2":1,"3":6,"4":0,"5":1,"6":1,"7":3,"8":2,"9":6,"10":5},"b":{"0":[6,0],"1":[0,1],"2":[0,1],"3":[0,1],"4":[0,3],"5":[0,2],"6":[1,1],"7":[6,5]}}
,"C:\\Users\\edeschh\\users-assessment\\src\\users\\dtos\\create-user.dto.ts": {"path":"C:\\Users\\edeschh\\users-assessment\\src\\users\\dtos\\create-user.dto.ts","statementMap":{"0":{"start":{"line":1,"column":0},"end":{"line":1,"column":null}},"1":{"start":{"line":4,"column":0},"end":{"line":4,"column":75}},"2":{"start":{"line":5,"column":0},"end":{"line":5,"column":85}},"3":{"start":{"line":8,"column":0},"end":{"line":8,"column":13}},"4":{"start":{"line":12,"column":2},"end":{"line":12,"column":null}},"5":{"start":{"line":17,"column":2},"end":{"line":17,"column":null}},"6":{"start":{"line":22,"column":2},"end":{"line":22,"column":null}}},"fnMap":{},"branchMap":{},"s":{"0":1,"1":1,"2":1,"3":1,"4":1,"5":1,"6":1},"f":{},"b":{}}
,"C:\\Users\\edeschh\\users-assessment\\src\\users\\dtos\\update-user.dto.ts": {"path":"C:\\Users\\edeschh\\users-assessment\\src\\users\\dtos\\update-user.dto.ts","statementMap":{"0":{"start":{"line":1,"column":0},"end":{"line":1,"column":51}},"1":{"start":{"line":2,"column":0},"end":{"line":2,"column":50}},"2":{"start":{"line":5,"column":0},"end":{"line":5,"column":13}}},"fnMap":{},"branchMap":{},"s":{"0":1,"1":1,"2":1},"f":{},"b":{}}
,"C:\\Users\\edeschh\\users-assessment\\src\\users\\repo\\inmemory-users.repository.ts": {"path":"C:\\Users\\edeschh\\users-assessment\\src\\users\\repo\\inmemory-users.repository.ts","statementMap":{"0":{"start":{"line":3,"column":0},"end":{"line":3,"column":50}},"1":{"start":{"line":7,"column":10},"end":{"line":7,"column":42}},"2":{"start":{"line":10,"column":4},"end":{"line":10,"column":27}},"3":{"start":{"line":14,"column":4},"end":{"line":14,"column":45}},"4":{"start":{"line":14,"column":32},"end":{"line":14,"column":43}},"5":{"start":{"line":18,"column":15},"end":{"line":18,"column":60}},"6":{"start":{"line":18,"column":50},"end":{"line":18,"column":54}},"7":{"start":{"line":19,"column":26},"end":{"line":19,"column":41}},"8":{"start":{"line":20,"column":4},"end":{"line":20,"column":29}},"9":{"start":{"line":21,"column":4},"end":{"line":21,"column":19}},"10":{"start":{"line":25,"column":16},"end":{"line":25,"column":54}},"11":{"start":{"line":25,"column":42},"end":{"line":25,"column":53}},"12":{"start":{"line":26,"column":4},"end":{"line":26,"column":34}},"13":{"start":{"line":26,"column":17},"end":{"line":26,"column":34}},"14":{"start":{"line":27,"column":4},"end":{"line":27,"column":55}},"15":{"start":{"line":28,"column":4},"end":{"line":28,"column":27}},"16":{"start":{"line":32,"column":19},"end":{"line":32,"column":36}},"17":{"start":{"line":33,"column":4},"end":{"line":33,"column":53}},"18":{"start":{"line":33,"column":40},"end":{"line":33,"column":51}},"19":{"start":{"line":34,"column":4},"end":{"line":34,"column":40}},"20":{"start":{"line":6,"column":0},"end":{"line":6,"column":13}}},"fnMap":{"0":{"name":"(anonymous_0)","decl":{"start":{"line":6,"column":0},"end":{"line":6,"column":13}},"loc":{"start":{"line":6,"column":0},"end":{"line":36,"column":1}}},"1":{"name":"(anonymous_1)","decl":{"start":{"line":9,"column":2},"end":{"line":9,"column":7}},"loc":{"start":{"line":9,"column":15},"end":{"line":11,"column":3}}},"2":{"name":"(anonymous_2)","decl":{"start":{"line":13,"column":2},"end":{"line":13,"column":7}},"loc":{"start":{"line":13,"column":27},"end":{"line":15,"column":3}}},"3":{"name":"(anonymous_3)","decl":{"start":{"line":14,"column":27},"end":{"line":14,"column":28}},"loc":{"start":{"line":14,"column":32},"end":{"line":14,"column":43}}},"4":{"name":"(anonymous_4)","decl":{"start":{"line":17,"column":2},"end":{"line":17,"column":7}},"loc":{"start":{"line":17,"column":37},"end":{"line":22,"column":3}}},"5":{"name":"(anonymous_5)","decl":{"start":{"line":18,"column":45},"end":{"line":18,"column":46}},"loc":{"start":{"line":18,"column":50},"end":{"line":18,"column":54}}},"6":{"name":"(anonymous_6)","decl":{"start":{"line":24,"column":2},"end":{"line":24,"column":7}},"loc":{"start":{"line":24,"column":47},"end":{"line":29,"column":3}}},"7":{"name":"(anonymous_7)","decl":{"start":{"line":25,"column":37},"end":{"line":25,"column":38}},"loc":{"start":{"line":25,"column":42},"end":{"line":25,"column":53}}},"8":{"name":"(anonymous_8)","decl":{"start":{"line":31,"column":2},"end":{"line":31,"column":7}},"loc":{"start":{"line":31,"column":25},"end":{"line":35,"column":3}}},"9":{"name":"(anonymous_9)","decl":{"start":{"line":33,"column":35},"end":{"line":33,"column":36}},"loc":{"start":{"line":33,"column":40},"end":{"line":33,"column":51}}}},"branchMap":{"0":{"loc":{"start":{"line":26,"column":4},"end":{"line":26,"column":34}},"type":"if","locations":[{"start":{"line":26,"column":4},"end":{"line":26,"column":34}},{"start":{},"end":{}}]}},"s":{"0":2,"1":10,"2":4,"3":5,"4":17,"5":1,"6":6,"7":1,"8":1,"9":1,"10":1,"11":1,"12":1,"13":0,"14":1,"15":1,"16":1,"17":1,"18":6,"19":1,"20":2},"f":{"0":10,"1":4,"2":5,"3":17,"4":1,"5":6,"6":1,"7":1,"8":1,"9":6},"b":{"0":[0,1]}}
,"C:\\Users\\edeschh\\users-assessment\\src\\users\\repo\\users.repository.ts": {"path":"C:\\Users\\edeschh\\users-assessment\\src\\users\\repo\\users.repository.ts","statementMap":{"0":{"start":{"line":3,"column":13},"end":{"line":3,"column":47}}},"fnMap":{},"branchMap":{},"s":{"0":3},"f":{},"b":{}}
,"C:\\Users\\edeschh\\users-assessment\\src\\users\\store\\users.store.ts": {"path":"C:\\Users\\edeschh\\users-assessment\\src\\users\\store\\users.store.ts","statementMap":{"0":{"start":{"line":4,"column":13},"end":{"line":11,"column":2}}},"fnMap":{},"branchMap":{},"s":{"0":2},"f":{},"b":{}}
}
