TN:
SF:src\app.controller.ts
FN:6,(anonymous_2)
FN:9,(anonymous_3)
FNF:2
FNH:2
FNDA:1,(anonymous_2)
FNDA:1,(anonymous_3)
DA:1,1
DA:2,1
DA:5,1
DA:6,1
DA:9,1
DA:10,1
LF:6
LH:6
BRF:0
BRH:0
end_of_record
TN:
SF:src\app.service.ts
FN:5,(anonymous_1)
FNF:1
FNH:1
FNDA:1,(anonymous_1)
DA:1,1
DA:4,1
DA:6,1
LF:3
LH:3
BRF:0
BRH:0
end_of_record
TN:
SF:src\common\constants\groups.constant.ts
FNF:0
FNH:0
DA:1,1
LF:1
LH:1
BRF:0
BRH:0
end_of_record
TN:
SF:src\common\constants\permissions.constant.ts
FNF:0
FNH:0
DA:2,2
DA:5,2
LF:2
LH:2
BRF:0
BRH:0
end_of_record
TN:
SF:src\common\constants\roles.constant.ts
FNF:0
FNH:0
DA:2,1
DA:5,1
LF:2
LH:2
BRF:0
BRH:0
end_of_record
TN:
SF:src\common\decorators\permissions.decorator.ts
FN:9,(anonymous_0)
FNF:1
FNH:1
FNDA:5,(anonymous_0)
DA:2,2
DA:8,2
DA:9,2
DA:10,5
LF:4
LH:4
BRF:0
BRH:0
end_of_record
TN:
SF:src\common\guards\permissions.guard.ts
FN:47,(anonymous_2)
FN:49,(anonymous_3)
FN:72,(anonymous_4)
FN:73,(anonymous_5)
FN:74,(anonymous_6)
FN:78,(anonymous_7)
FNF:6
FNH:6
FNDA:4,(anonymous_2)
FNDA:4,(anonymous_3)
FNDA:6,(anonymous_4)
FNDA:13,(anonymous_5)
FNDA:6,(anonymous_6)
FNDA:3,(anonymous_7)
DA:1,2
DA:8,2
DA:9,2
DA:10,2
DA:11,2
DA:46,2
DA:47,4
DA:51,4
DA:56,4
DA:59,4
DA:60,4
DA:61,4
DA:63,4
DA:64,1
DA:68,3
DA:71,3
DA:72,3
DA:73,13
DA:74,6
DA:78,3
DA:79,3
DA:80,1
DA:83,2
LF:23
LH:23
BRDA:56,0,0,0
BRDA:56,0,1,4
BRDA:56,1,0,0
BRDA:56,1,1,4
BRDA:56,2,0,4
BRDA:56,2,1,4
BRDA:63,3,0,1
BRDA:63,3,1,3
BRDA:63,4,0,4
BRDA:63,4,1,3
BRDA:74,5,0,0
BRDA:74,5,1,6
BRDA:74,6,0,6
BRDA:74,6,1,6
BRDA:79,7,0,1
BRDA:79,7,1,2
BRF:16
BRH:13
end_of_record
TN:
SF:src\users\users.controller.ts
FN:60,(anonymous_4)
FN:66,(anonymous_5)
FN:74,(anonymous_6)
FN:82,(anonymous_7)
FN:90,(anonymous_8)
FN:91,(anonymous_9)
FN:98,(anonymous_10)
FNF:7
FNH:7
FNDA:5,(anonymous_4)
FNDA:1,(anonymous_5)
FNDA:1,(anonymous_6)
FNDA:1,(anonymous_7)
FNDA:1,(anonymous_8)
FNDA:1,(anonymous_9)
FNDA:1,(anonymous_10)
DA:1,1
DA:12,1
DA:14,1
DA:15,1
DA:16,1
DA:17,1
DA:59,1
DA:60,5
DA:66,1
DA:67,1
DA:74,1
DA:75,1
DA:82,1
DA:83,1
DA:90,1
DA:91,1
DA:98,1
DA:99,1
LF:18
LH:18
BRF:0
BRH:0
end_of_record
TN:
SF:src\users\users.service.ts
FN:9,(anonymous_4)
FN:11,(anonymous_5)
FN:15,(anonymous_6)
FN:17,(anonymous_7)
FN:19,(anonymous_8)
FN:25,(anonymous_9)
FN:31,(anonymous_10)
FN:36,(anonymous_11)
FN:42,(anonymous_12)
FN:50,(anonymous_13)
FN:50,(anonymous_14)
FNF:11
FNH:10
FNDA:10,(anonymous_4)
FNDA:2,(anonymous_5)
FNDA:1,(anonymous_6)
FNDA:6,(anonymous_7)
FNDA:0,(anonymous_8)
FNDA:1,(anonymous_9)
FNDA:1,(anonymous_10)
FNDA:3,(anonymous_11)
FNDA:2,(anonymous_12)
FNDA:6,(anonymous_13)
FNDA:5,(anonymous_14)
DA:1,3
DA:3,3
DA:8,3
DA:9,10
DA:12,2
DA:16,1
DA:17,1
DA:18,6
DA:19,0
DA:21,1
DA:22,1
DA:26,1
DA:27,1
DA:28,1
DA:32,1
DA:33,1
DA:37,3
DA:38,3
DA:39,3
DA:43,2
DA:44,2
DA:46,2
DA:48,1
DA:49,1
DA:50,6
LF:25
LH:24
BRDA:18,0,0,6
BRDA:18,0,1,0
BRDA:21,1,0,0
BRDA:21,1,1,1
BRDA:27,2,0,0
BRDA:27,2,1,1
BRDA:33,3,0,0
BRDA:33,3,1,1
BRDA:38,4,0,0
BRDA:38,4,1,3
BRDA:44,5,0,0
BRDA:44,5,1,2
BRDA:46,6,0,1
BRDA:46,6,1,1
BRDA:50,7,0,6
BRDA:50,7,1,5
BRF:16
BRH:10
end_of_record
TN:
SF:src\users\dtos\create-user.dto.ts
FNF:0
FNH:0
DA:1,1
DA:4,1
DA:5,1
DA:8,1
DA:12,1
DA:17,1
DA:22,1
LF:7
LH:7
BRF:0
BRH:0
end_of_record
TN:
SF:src\users\dtos\update-user.dto.ts
FNF:0
FNH:0
DA:1,1
DA:2,1
DA:5,1
LF:3
LH:3
BRF:0
BRH:0
end_of_record
TN:
SF:src\users\repo\inmemory-users.repository.ts
FN:6,(anonymous_0)
FN:9,(anonymous_1)
FN:13,(anonymous_2)
FN:14,(anonymous_3)
FN:17,(anonymous_4)
FN:18,(anonymous_5)
FN:24,(anonymous_6)
FN:25,(anonymous_7)
FN:31,(anonymous_8)
FN:33,(anonymous_9)
FNF:10
FNH:10
FNDA:10,(anonymous_0)
FNDA:4,(anonymous_1)
FNDA:5,(anonymous_2)
FNDA:17,(anonymous_3)
FNDA:1,(anonymous_4)
FNDA:6,(anonymous_5)
FNDA:1,(anonymous_6)
FNDA:1,(anonymous_7)
FNDA:1,(anonymous_8)
FNDA:6,(anonymous_9)
DA:3,2
DA:6,2
DA:7,10
DA:10,4
DA:14,17
DA:18,6
DA:19,1
DA:20,1
DA:21,1
DA:25,1
DA:26,1
DA:27,1
DA:28,1
DA:32,1
DA:33,6
DA:34,1
LF:16
LH:16
BRDA:26,0,0,0
BRDA:26,0,1,1
BRF:2
BRH:1
end_of_record
TN:
SF:src\users\repo\users.repository.ts
FNF:0
FNH:0
DA:3,3
LF:1
LH:1
BRF:0
BRH:0
end_of_record
TN:
SF:src\users\store\users.store.ts
FNF:0
FNH:0
DA:4,2
LF:1
LH:1
BRF:0
BRH:0
end_of_record
